<?xml version="1.0" encoding="UTF-8"?>
<testsuite name="apiTests.BaseTest" tests="1" skipped="0" failures="0" errors="0" timestamp="2023-07-25T14:10:36" hostname="LAPTOP-HQQ5S4EU" time="7.613">
  <properties/>
  <testcase name="test_01()" classname="apiTests.BaseTest" time="7.613"/>
  <system-out><![CDATA[]]></system-out>
  <system-err><![CDATA[log4j:WARN No appenders could be found for logger (org.apache.http.impl.conn.BasicClientConnectionManager).
log4j:WARN Please initialize the log4j system properly.
log4j:WARN See http://logging.apache.org/log4j/1.2/faq.html#noconfig for more info.
]]></system-err>
</testsuite>
